app/build/outputs/logs/manifest-merger-debug-report.txt
-- Merging decision tree log ---
manifest
ADDED from src/main/AndroidManifest.xml:1:1-653:12
	package
		ADDED from src/main/AndroidManifest.xml:2:11-36
		INJECTED from src/main/AndroidManifest.xml
		INJECTED from src/main/AndroidManifest.xml
	android:versionName
		ADDED from src/main/AndroidManifest.xml:4:11-36
		INJECTED from src/main/AndroidManifest.xml
		INJECTED from src/main/AndroidManifest.xml
	android:versionCode
		ADDED from src/main/AndroidManifest.xml:3:11-34
		INJECTED from src/main/AndroidManifest.xml
		INJECTED from src/main/AndroidManifest.xml
	xmlns:android
		ADDED from src/main/AndroidManifest.xml:1:11-69
supports-screens
ADDED from src/main/AndroidManifest.xml:6:5-11:38
	android:largeScreens
		ADDED from src/main/AndroidManifest.xml:8:9-36
	android:smallScreens
		ADDED from src/main/AndroidManifest.xml:11:9-36
	android:normalScreens
		ADDED from src/main/AndroidManifest.xml:9:9-37
	android:resizeable
		ADDED from src/main/AndroidManifest.xml:10:9-34
	android:anyDensity
		ADDED from src/main/AndroidManifest.xml:7:9-34
uses-sdk
ADDED from src/main/AndroidManifest.xml:13:5-42
MERGED from [com.jakewharton:butterknife:8.4.0] AndroidManifest.xml:5:5-43
MERGED from [io.reactivex:rxandroid:1.2.1] AndroidManifest.xml:19:5-43
MERGED from [com.kyleduo.switchbutton:library:1.4.4] AndroidManifest.xml:8:5-10:41
MERGED from [com.android.support:appcompat-v7:23.1.0] AndroidManifest.xml:20:5-43
MERGED from [com.github.zcweng:switch-button:0.0.2] AndroidManifest.xml:7:5-9:41
MERGED from [com.tencent.bugly:crashreport:2.4.0] AndroidManifest.xml:5:5-7:41
MERGED from [com.tencent.bugly:nativecrashreport:3.1.2] AndroidManifest.xml:5:5-7:41
MERGED from [com.android.support:support-v4:25.1.1] AndroidManifest.xml:21:5-23:54
MERGED from [com.android.support:support-fragment:25.1.1] AndroidManifest.xml:21:5-23:60
MERGED from [com.android.support:support-media-compat:25.1.1] AndroidManifest.xml:21:5-23:63
MERGED from [com.android.support:support-core-ui:25.1.1] AndroidManifest.xml:21:5-23:58
MERGED from [com.android.support:support-core-utils:25.1.1] AndroidManifest.xml:21:5-23:61
MERGED from [com.android.support:support-compat:25.1.1] AndroidManifest.xml:21:5-23:58
	tools:overrideLibrary
		ADDED from [com.android.support:support-v4:25.1.1] AndroidManifest.xml:23:9-51
	android:targetSdkVersion
		INJECTED from src/main/AndroidManifest.xml
		INJECTED from src/main/AndroidManifest.xml
	android:minSdkVersion
		ADDED from src/main/AndroidManifest.xml:13:15-40
		INJECTED from src/main/AndroidManifest.xml
		INJECTED from src/main/AndroidManifest.xml
uses-permission#android.permission.BLUETOOTH
ADDED from src/main/AndroidManifest.xml:16:5-67
	android:name
		ADDED from src/main/AndroidManifest.xml:16:22-65
uses-permission#android.permission.BLUETOOTH_ADMIN
ADDED from src/main/AndroidManifest.xml:18:5-73
	android:name
		ADDED from src/main/AndroidManifest.xml:18:22-71
uses-permission#android.permission.INTERNET
ADDED from src/main/AndroidManifest.xml:19:5-66
	android:name
		ADDED from src/main/AndroidManifest.xml:19:22-64
uses-permission#android.permission.WRITE_EXTERNAL_STORAGE
ADDED from src/main/AndroidManifest.xml:21:5-80
	android:name
		ADDED from src/main/AndroidManifest.xml:21:22-78
uses-permission#android.permission.ACCESS_NETWORK_STATE
ADDED from src/main/AndroidManifest.xml:22:5-78
	android:name
		ADDED from src/main/AndroidManifest.xml:22:22-76
uses-permission#android.permission.GET_TASKS
ADDED from src/main/AndroidManifest.xml:23:5-67
	android:name
		ADDED from src/main/AndroidManifest.xml:23:22-65
uses-permission#android.permission.RECORD_AUDIO
ADDED from src/main/AndroidManifest.xml:29:5-70
	android:name
		ADDED from src/main/AndroidManifest.xml:29:22-68
uses-permission#android.permission.MODIFY_AUDIO_SETTINGS
ADDED from src/main/AndroidManifest.xml:31:5-79
	android:name
		ADDED from src/main/AndroidManifest.xml:31:22-77
uses-permission#android.permission.CAMERA
ADDED from src/main/AndroidManifest.xml:37:5-64
	android:name
		ADDED from src/main/AndroidManifest.xml:37:22-62
uses-feature#android.hardware.camera
ADDED from src/main/AndroidManifest.xml:39:5-59
	android:name
		ADDED from src/main/AndroidManifest.xml:39:19-57
uses-permission#android.permission.GET_ACCOUNTS
ADDED from src/main/AndroidManifest.xml:45:5-70
	android:name
		ADDED from src/main/AndroidManifest.xml:45:22-68
uses-permission#android.permission.WRITE_CONTACTS
ADDED from src/main/AndroidManifest.xml:46:5-72
	android:name
		ADDED from src/main/AndroidManifest.xml:46:22-70
uses-permission#android.permission.READ_CONTACTS
ADDED from src/main/AndroidManifest.xml:47:5-71
	android:name
		ADDED from src/main/AndroidManifest.xml:47:22-69
uses-permission#android.permission.WAKE_LOCK
ADDED from src/main/AndroidManifest.xml:53:5-67
	android:name
		ADDED from src/main/AndroidManifest.xml:53:22-65
uses-permission#android.permission.VIBRATE
ADDED from src/main/AndroidManifest.xml:55:5-65
	android:name
		ADDED from src/main/AndroidManifest.xml:55:22-63
uses-permission#android.permission.CALL_PHONE
ADDED from src/main/AndroidManifest.xml:57:5-68
	android:name
		ADDED from src/main/AndroidManifest.xml:57:22-66
uses-permission#android.permission.ACCESS_WIFI_STATE
ADDED from src/main/AndroidManifest.xml:59:5-75
	android:name
		ADDED from src/main/AndroidManifest.xml:59:22-73
uses-permission#android.permission.READ_PHONE_STATE
ADDED from src/main/AndroidManifest.xml:62:5-74
	android:name
		ADDED from src/main/AndroidManifest.xml:62:22-72
uses-permission#android.permission.SEND_SMS
ADDED from src/main/AndroidManifest.xml:71:5-66
	android:name
		ADDED from src/main/AndroidManifest.xml:71:22-64
uses-permission#android.permission.WRITE_SMS
ADDED from src/main/AndroidManifest.xml:72:5-67
	android:name
		ADDED from src/main/AndroidManifest.xml:72:22-65
uses-permission#android.permission.READ_SMS
ADDED from src/main/AndroidManifest.xml:73:5-66
	android:name
		ADDED from src/main/AndroidManifest.xml:73:22-64
uses-permission#com.android.launcher.permission.INSTALL_SHORTCUT
ADDED from src/main/AndroidManifest.xml:81:5-87
	android:name
		ADDED from src/main/AndroidManifest.xml:81:22-85
uses-permission#com.android.launcher.permission.UNINSTALL_SHORTCUT
ADDED from src/main/AndroidManifest.xml:82:5-89
	android:name
		ADDED from src/main/AndroidManifest.xml:82:22-87
uses-feature#android.hardware.camera.autofocus
ADDED from src/main/AndroidManifest.xml:91:5-69
	android:name
		ADDED from src/main/AndroidManifest.xml:91:19-67
uses-permission#android.permission.FLASHLIGHT
ADDED from src/main/AndroidManifest.xml:94:5-68
	android:name
		ADDED from src/main/AndroidManifest.xml:94:22-66
uses-permission#android.permission.ACCESS_COARSE_LOCATION
ADDED from src/main/AndroidManifest.xml:102:5-80
	android:name
		ADDED from src/main/AndroidManifest.xml:102:22-78
uses-permission#android.permission.ACCESS_FINE_LOCATION
ADDED from src/main/AndroidManifest.xml:103:5-78
	android:name
		ADDED from src/main/AndroidManifest.xml:103:22-76
uses-permission#android.permission.WRITE_SETTINGS
ADDED from src/main/AndroidManifest.xml:104:5-72
	android:name
		ADDED from src/main/AndroidManifest.xml:104:22-70
uses-permission#android.permission.CHANGE_WIFI_STATE
ADDED from src/main/AndroidManifest.xml:106:5-75
	android:name
		ADDED from src/main/AndroidManifest.xml:106:22-73
uses-permission#android.permission.MOUNT_UNMOUNT_FILESYSTEMS
ADDED from src/main/AndroidManifest.xml:108:5-83
	android:name
		ADDED from src/main/AndroidManifest.xml:108:22-81
uses-permission#android.permission.READ_LOGS
ADDED from src/main/AndroidManifest.xml:109:5-67
	android:name
		ADDED from src/main/AndroidManifest.xml:109:22-65
uses-permission#android.permission.RECEIVE_BOOT_COMPLETED
ADDED from src/main/AndroidManifest.xml:145:5-80
	android:name
		ADDED from src/main/AndroidManifest.xml:145:22-78
uses-permission#getui.permission.GetuiService.com.HBuilder.integrate
ADDED from src/main/AndroidManifest.xml:150:5-91
	android:name
		ADDED from src/main/AndroidManifest.xml:150:22-89
permission#getui.permission.GetuiService.com.cndll.myway
ADDED from src/main/AndroidManifest.xml:152:5-154:43
	android:protectionLevel
		ADDED from src/main/AndroidManifest.xml:154:9-41
	android:name
		ADDED from src/main/AndroidManifest.xml:153:9-69
uses-permission#android.permission.CHANGE_NETWORK_STATE
ADDED from src/main/AndroidManifest.xml:181:5-78
	android:name
		ADDED from src/main/AndroidManifest.xml:181:22-76
uses-permission#android.permission.RECEIVE_USER_PRESENT
ADDED from src/main/AndroidManifest.xml:190:5-78
	android:name
		ADDED from src/main/AndroidManifest.xml:190:22-76
uses-permission#com.xiaomi.permission.AUTH_SERVICE
ADDED from src/main/AndroidManifest.xml:194:5-73
	android:name
		ADDED from src/main/AndroidManifest.xml:194:22-71
application
ADDED from src/main/AndroidManifest.xml:197:5-651:19
MERGED from [com.android.support:appcompat-v7:23.1.0] AndroidManifest.xml:22:5-20
MERGED from [com.android.support:support-v4:25.1.1] AndroidManifest.xml:25:5-20
MERGED from [com.android.support:support-fragment:25.1.1] AndroidManifest.xml:25:5-20
MERGED from [com.android.support:support-media-compat:25.1.1] AndroidManifest.xml:25:5-20
MERGED from [com.android.support:support-core-ui:25.1.1] AndroidManifest.xml:25:5-20
MERGED from [com.android.support:support-core-utils:25.1.1] AndroidManifest.xml:25:5-20
MERGED from [com.android.support:support-compat:25.1.1] AndroidManifest.xml:25:5-20
	android:label
		ADDED from src/main/AndroidManifest.xml:201:9-41
	android:allowClearUserData
		ADDED from src/main/AndroidManifest.xml:199:9-42
	android:icon
		ADDED from src/main/AndroidManifest.xml:200:9-40
	android:largeHeap
		ADDED from src/main/AndroidManifest.xml:202:9-33
	android:name
		ADDED from src/main/AndroidManifest.xml:198:9-63
activity#com.cndll.myway.activity.BaseActivity
ADDED from src/main/AndroidManifest.xml:203:9-208:20
	android:launchMode
		ADDED from src/main/AndroidManifest.xml:205:13-44
	android:theme
		ADDED from src/main/AndroidManifest.xml:206:13-59
	android:name
		ADDED from src/main/AndroidManifest.xml:204:13-65
activity#com.cndll.myway.activity.CarManagerActivity
ADDED from src/main/AndroidManifest.xml:209:9-214:20
	android:launchMode
		ADDED from src/main/AndroidManifest.xml:211:13-44
	android:theme
		ADDED from src/main/AndroidManifest.xml:212:13-72
	android:name
		ADDED from src/main/AndroidManifest.xml:210:13-71
activity#com.cndll.myway.activity.CarStatuActivity
ADDED from src/main/AndroidManifest.xml:215:9-221:20
	android:launchMode
		ADDED from src/main/AndroidManifest.xml:217:13-44
	android:theme
		ADDED from src/main/AndroidManifest.xml:218:13-69
	android:name
		ADDED from src/main/AndroidManifest.xml:216:13-69
activity#com.cndll.myway.activity.ConnectBleActivity
ADDED from src/main/AndroidManifest.xml:223:9-228:20
	android:launchMode
		ADDED from src/main/AndroidManifest.xml:225:13-44
	android:theme
		ADDED from src/main/AndroidManifest.xml:226:13-72
	android:name
		ADDED from src/main/AndroidManifest.xml:224:13-71
activity#com.cndll.myway.activity.PathActivity
ADDED from src/main/AndroidManifest.xml:229:9-235:20
	android:launchMode
		ADDED from src/main/AndroidManifest.xml:231:13-44
	android:theme
		ADDED from src/main/AndroidManifest.xml:232:13-72
	android:name
		ADDED from src/main/AndroidManifest.xml:230:13-65
service#com.cndll.myway.activity.BleService
ADDED from src/main/AndroidManifest.xml:237:9-70
	android:name
		ADDED from src/main/AndroidManifest.xml:237:18-68
activity#com.cndll.myway.ActivityEntry
ADDED from src/main/AndroidManifest.xml:239:9-248:20
	android:screenOrientation
		ADDED from src/main/AndroidManifest.xml:244:13-45
	android:label
		ADDED from src/main/AndroidManifest.xml:242:13-45
	android:launchMode
		ADDED from src/main/AndroidManifest.xml:243:13-44
	android:windowSoftInputMode
		ADDED from src/main/AndroidManifest.xml:245:13-55
	android:configChanges
		ADDED from src/main/AndroidManifest.xml:241:13-63
	android:name
		ADDED from src/main/AndroidManifest.xml:240:13-57
activity#com.cndll.myway.SDK_Runtime
ADDED from src/main/AndroidManifest.xml:250:9-254:20
	android:screenOrientation
		ADDED from src/main/AndroidManifest.xml:253:13-47
	android:configChanges
		ADDED from src/main/AndroidManifest.xml:252:13-112
	android:name
		ADDED from src/main/AndroidManifest.xml:251:13-55
activity#com.cndll.myway.SDK_WebApp
ADDED from src/main/AndroidManifest.xml:255:9-265:20
	android:screenOrientation
		ADDED from src/main/AndroidManifest.xml:258:13-45
	android:configChanges
		ADDED from src/main/AndroidManifest.xml:257:13-112
	android:theme
		ADDED from src/main/AndroidManifest.xml:259:13-61
	android:name
		ADDED from src/main/AndroidManifest.xml:256:13-54
intent-filter#android.intent.action.MAIN+android.intent.category.LAUNCHER
ADDED from src/main/AndroidManifest.xml:260:13-264:29
action#android.intent.action.MAIN
ADDED from src/main/AndroidManifest.xml:261:17-68
	android:name
		ADDED from src/main/AndroidManifest.xml:261:25-66
category#android.intent.category.LAUNCHER
ADDED from src/main/AndroidManifest.xml:263:17-76
	android:name
		ADDED from src/main/AndroidManifest.xml:263:27-74
activity#com.cndll.myway.SDK_WebView
ADDED from src/main/AndroidManifest.xml:266:9-270:20
	android:screenOrientation
		ADDED from src/main/AndroidManifest.xml:269:13-47
	android:configChanges
		ADDED from src/main/AndroidManifest.xml:268:13-112
	android:name
		ADDED from src/main/AndroidManifest.xml:267:13-55
activity#io.dcloud.PandoraEntryActivity
ADDED from src/main/AndroidManifest.xml:271:9-280:20
	android:screenOrientation
		ADDED from src/main/AndroidManifest.xml:277:13-45
	android:label
		ADDED from src/main/AndroidManifest.xml:275:13-36
	android:hardwareAccelerated
		ADDED from src/main/AndroidManifest.xml:274:13-47
	android:launchMode
		ADDED from src/main/AndroidManifest.xml:276:13-44
	android:windowSoftInputMode
		ADDED from src/main/AndroidManifest.xml:279:13-55
	android:configChanges
		ADDED from src/main/AndroidManifest.xml:273:13-112
	android:theme
		ADDED from src/main/AndroidManifest.xml:278:13-47
	android:name
		ADDED from src/main/AndroidManifest.xml:272:13-58
service#io.dcloud.common.adapter.io.MiniServerService
ADDED from src/main/AndroidManifest.xml:282:9-284:38
	android:exported
		ADDED from src/main/AndroidManifest.xml:284:13-36
	android:name
		ADDED from src/main/AndroidManifest.xml:283:13-73
activity#io.dcloud.imagepick.CustomGalleryActivity
ADDED from src/main/AndroidManifest.xml:286:9-293:20
	android:name
		ADDED from src/main/AndroidManifest.xml:286:19-75
intent-filter#android.intent.category.DEFAULT+io.dcloud.ACTION_MULTIPLE_PICK+io.dcloud.ACTION_PICK
ADDED from src/main/AndroidManifest.xml:287:13-292:29
action#io.dcloud.ACTION_PICK
ADDED from src/main/AndroidManifest.xml:288:17-63
	android:name
		ADDED from src/main/AndroidManifest.xml:288:25-61
action#io.dcloud.ACTION_MULTIPLE_PICK
ADDED from src/main/AndroidManifest.xml:289:17-72
	android:name
		ADDED from src/main/AndroidManifest.xml:289:25-70
category#android.intent.category.DEFAULT
ADDED from src/main/AndroidManifest.xml:291:17-75
	android:name
		ADDED from src/main/AndroidManifest.xml:291:27-73
meta-data#UMENG_APPKEY
ADDED from src/main/AndroidManifest.xml:299:9-301:45
	android:value
		ADDED from src/main/AndroidManifest.xml:301:13-43
	android:name
		ADDED from src/main/AndroidManifest.xml:300:13-40
meta-data#UMENG_CHANNEL
ADDED from src/main/AndroidManifest.xml:302:9-304:41
	android:value
		ADDED from src/main/AndroidManifest.xml:304:13-39
	android:name
		ADDED from src/main/AndroidManifest.xml:303:13-41
meta-data#com.baidu.lbsapi.API_KEY
ADDED from src/main/AndroidManifest.xml:310:9-313:21
	android:value
		ADDED from src/main/AndroidManifest.xml:312:13-53
	android:name
		ADDED from src/main/AndroidManifest.xml:311:13-52
service#com.baidu.location.f
ADDED from src/main/AndroidManifest.xml:315:9-319:19
	android:enabled
		ADDED from src/main/AndroidManifest.xml:317:13-35
	android:process
		ADDED from src/main/AndroidManifest.xml:318:13-38
	android:name
		ADDED from src/main/AndroidManifest.xml:316:13-48
meta-data#QQ_APPID
ADDED from src/main/AndroidManifest.xml:326:9-328:41
	android:value
		ADDED from src/main/AndroidManifest.xml:328:13-39
	android:name
		ADDED from src/main/AndroidManifest.xml:327:13-36
activity#com.tencent.tauth.AuthActivity
ADDED from src/main/AndroidManifest.xml:330:9-342:20
	android:launchMode
		ADDED from src/main/AndroidManifest.xml:332:13-44
	android:noHistory
		ADDED from src/main/AndroidManifest.xml:333:13-37
	android:name
		ADDED from src/main/AndroidManifest.xml:331:13-58
intent-filter#android.intent.action.VIEW+android.intent.category.BROWSABLE+android.intent.category.DEFAULT
ADDED from src/main/AndroidManifest.xml:334:13-341:29
action#android.intent.action.VIEW
ADDED from src/main/AndroidManifest.xml:335:17-68
	android:name
		ADDED from src/main/AndroidManifest.xml:335:25-66
category#android.intent.category.BROWSABLE
ADDED from src/main/AndroidManifest.xml:338:17-77
	android:name
		ADDED from src/main/AndroidManifest.xml:338:27-75
data
ADDED from src/main/AndroidManifest.xml:340:17-52
	android:scheme
		ADDED from src/main/AndroidManifest.xml:340:23-50
activity#com.tencent.connect.common.AssistActivity
ADDED from src/main/AndroidManifest.xml:343:9-346:74
	android:screenOrientation
		ADDED from src/main/AndroidManifest.xml:345:13-49
	android:theme
		ADDED from src/main/AndroidManifest.xml:346:13-72
	android:name
		ADDED from src/main/AndroidManifest.xml:344:13-69
meta-data#IFLY_APPKEY
ADDED from src/main/AndroidManifest.xml:377:9-379:39
	android:value
		ADDED from src/main/AndroidManifest.xml:379:13-37
	android:name
		ADDED from src/main/AndroidManifest.xml:378:13-39
meta-data#SINA_REDIRECT_URI
ADDED from src/main/AndroidManifest.xml:458:9-460:61
	android:value
		ADDED from src/main/AndroidManifest.xml:460:9-58
	android:name
		ADDED from src/main/AndroidManifest.xml:459:9-41
meta-data#SINA_APPKEY
ADDED from src/main/AndroidManifest.xml:461:9-463:42
	android:value
		ADDED from src/main/AndroidManifest.xml:463:13-40
	android:name
		ADDED from src/main/AndroidManifest.xml:462:13-39
activity#com.sina.weibo.sdk.component.WeiboSdkBrowser
ADDED from src/main/AndroidManifest.xml:465:9-470:20
	android:exported
		ADDED from src/main/AndroidManifest.xml:468:13-37
	android:windowSoftInputMode
		ADDED from src/main/AndroidManifest.xml:469:13-55
	android:configChanges
		ADDED from src/main/AndroidManifest.xml:467:13-63
	android:name
		ADDED from src/main/AndroidManifest.xml:466:13-72
meta-data#SINA_SECRET
ADDED from src/main/AndroidManifest.xml:475:9-477:63
	android:value
		ADDED from src/main/AndroidManifest.xml:477:13-61
	android:name
		ADDED from src/main/AndroidManifest.xml:476:13-39
activity#com.cndll.myway.SinaCallbackActivity
ADDED from src/main/AndroidManifest.xml:489:9-499:20
	android:screenOrientation
		ADDED from src/main/AndroidManifest.xml:493:13-49
	android:launchMode
		ADDED from src/main/AndroidManifest.xml:492:13-44
	android:configChanges
		ADDED from src/main/AndroidManifest.xml:491:13-63
	android:theme
		ADDED from src/main/AndroidManifest.xml:494:13-83
	android:name
		ADDED from src/main/AndroidManifest.xml:490:13-64
intent-filter#android.intent.category.DEFAULT+com.sina.weibo.sdk.action.ACTION_SDK_REQ_ACTIVITY
ADDED from src/main/AndroidManifest.xml:495:13-498:29
action#com.sina.weibo.sdk.action.ACTION_SDK_REQ_ACTIVITY
ADDED from src/main/AndroidManifest.xml:496:17-91
	android:name
		ADDED from src/main/AndroidManifest.xml:496:25-89
meta-data#TENCENT_REDIRECT_URI
ADDED from src/main/AndroidManifest.xml:502:9-504:52
	android:value
		ADDED from src/main/AndroidManifest.xml:504:13-50
	android:name
		ADDED from src/main/AndroidManifest.xml:503:13-48
meta-data#TENCENT_SECRET
ADDED from src/main/AndroidManifest.xml:505:9-507:52
	android:value
		ADDED from src/main/AndroidManifest.xml:507:13-50
	android:name
		ADDED from src/main/AndroidManifest.xml:506:13-42
meta-data#TENCENT_APPKEY
ADDED from src/main/AndroidManifest.xml:508:9-510:64
	android:value
		ADDED from src/main/AndroidManifest.xml:510:13-62
	android:name
		ADDED from src/main/AndroidManifest.xml:509:13-42
activity#io.dcloud.share.tencent.WebAuthorize
ADDED from src/main/AndroidManifest.xml:512:9-515:20
	android:theme
		ADDED from src/main/AndroidManifest.xml:514:13-60
	android:name
		ADDED from src/main/AndroidManifest.xml:513:13-64
meta-data#WX_SECRET
ADDED from src/main/AndroidManifest.xml:517:9-519:63
	android:value
		ADDED from src/main/AndroidManifest.xml:519:13-61
	android:name
		ADDED from src/main/AndroidManifest.xml:518:13-37
meta-data#WX_APPID
ADDED from src/main/AndroidManifest.xml:520:9-522:49
	android:value
		ADDED from src/main/AndroidManifest.xml:522:13-47
	android:name
		ADDED from src/main/AndroidManifest.xml:521:13-36
activity#com.cndll.myway.wxapi.WXEntryActivity
ADDED from src/main/AndroidManifest.xml:524:9-536:20
	android:label
		ADDED from src/main/AndroidManifest.xml:527:13-45
	android:launchMode
		ADDED from src/main/AndroidManifest.xml:528:13-43
	android:exported
		ADDED from src/main/AndroidManifest.xml:526:13-36
	android:name
		ADDED from src/main/AndroidManifest.xml:525:13-65
intent-filter#android.intent.action.VIEW+android.intent.category.DEFAULT
ADDED from src/main/AndroidManifest.xml:529:13-535:29
activity#com.alipay.sdk.app.H5PayActivity
ADDED from src/main/AndroidManifest.xml:541:9-547:20
	android:screenOrientation
		ADDED from src/main/AndroidManifest.xml:545:13-47
	android:exported
		ADDED from src/main/AndroidManifest.xml:544:13-37
	android:windowSoftInputMode
		ADDED from src/main/AndroidManifest.xml:546:13-67
	android:configChanges
		ADDED from src/main/AndroidManifest.xml:543:13-74
	android:name
		ADDED from src/main/AndroidManifest.xml:542:13-60
activity#com.alipay.sdk.auth.AuthActivity
ADDED from src/main/AndroidManifest.xml:548:9-553:20
	android:screenOrientation
		ADDED from src/main/AndroidManifest.xml:552:13-47
	android:exported
		ADDED from src/main/AndroidManifest.xml:551:13-37
	android:configChanges
		ADDED from src/main/AndroidManifest.xml:550:13-74
	android:name
		ADDED from src/main/AndroidManifest.xml:549:13-60
activity#com.cndll.myway.wxapi.WXPayEntryActivity
ADDED from src/main/AndroidManifest.xml:558:9-561:45
	android:launchMode
		ADDED from src/main/AndroidManifest.xml:561:13-43
	android:exported
		ADDED from src/main/AndroidManifest.xml:560:13-36
	android:name
		ADDED from src/main/AndroidManifest.xml:559:13-68
meta-data#MIUI_APPID
ADDED from src/main/AndroidManifest.xml:569:9-571:44
	android:value
		ADDED from src/main/AndroidManifest.xml:571:13-42
	android:name
		ADDED from src/main/AndroidManifest.xml:570:13-38
meta-data#MIUI_APPSECRET
ADDED from src/main/AndroidManifest.xml:572:9-574:47
	android:value
		ADDED from src/main/AndroidManifest.xml:574:13-45
	android:name
		ADDED from src/main/AndroidManifest.xml:573:13-42
meta-data#MIUI_REDIRECT_URI
ADDED from src/main/AndroidManifest.xml:575:9-577:42
	android:value
		ADDED from src/main/AndroidManifest.xml:577:13-40
	android:name
		ADDED from src/main/AndroidManifest.xml:576:13-45
activity#com.xiaomi.account.openauth.AuthorizeActivity
ADDED from src/main/AndroidManifest.xml:579:9-81
	android:name
		ADDED from src/main/AndroidManifest.xml:579:19-79
meta-data#PUSH_APPID
ADDED from src/main/AndroidManifest.xml:584:9-586:44
	android:value
		ADDED from src/main/AndroidManifest.xml:586:13-42
	android:name
		ADDED from src/main/AndroidManifest.xml:585:13-38
meta-data#PUSH_APPKEY
ADDED from src/main/AndroidManifest.xml:587:9-589:45
	android:value
		ADDED from src/main/AndroidManifest.xml:589:13-43
	android:name
		ADDED from src/main/AndroidManifest.xml:588:13-39
service#com.xiaomi.push.service.XMPushService
ADDED from src/main/AndroidManifest.xml:591:9-594:45
	android:enabled
		ADDED from src/main/AndroidManifest.xml:593:13-35
	android:process
		ADDED from src/main/AndroidManifest.xml:594:13-43
	android:name
		ADDED from src/main/AndroidManifest.xml:592:13-65
service#com.xiaomi.push.service.XMJobService
ADDED from src/main/AndroidManifest.xml:595:9-600:45
	android:enabled
		ADDED from src/main/AndroidManifest.xml:597:13-35
	android:process
		ADDED from src/main/AndroidManifest.xml:600:13-43
	android:exported
		ADDED from src/main/AndroidManifest.xml:598:13-37
	android:permission
		ADDED from src/main/AndroidManifest.xml:599:13-69
	android:name
		ADDED from src/main/AndroidManifest.xml:596:13-64
service#com.xiaomi.mipush.sdk.PushMessageHandler
ADDED from src/main/AndroidManifest.xml:601:9-604:38
	android:enabled
		ADDED from src/main/AndroidManifest.xml:603:13-35
	android:exported
		ADDED from src/main/AndroidManifest.xml:604:13-36
	android:name
		ADDED from src/main/AndroidManifest.xml:602:13-68
service#com.xiaomi.mipush.sdk.MessageHandleService
ADDED from src/main/AndroidManifest.xml:605:9-607:37
	android:enabled
		ADDED from src/main/AndroidManifest.xml:607:13-35
	android:name
		ADDED from src/main/AndroidManifest.xml:606:13-70
receiver#com.xiaomi.push.service.receivers.NetworkStatusReceiver
ADDED from src/main/AndroidManifest.xml:609:9-616:20
	android:exported
		ADDED from src/main/AndroidManifest.xml:611:13-36
	android:name
		ADDED from src/main/AndroidManifest.xml:610:13-83
intent-filter#android.intent.category.DEFAULT+android.net.conn.CONNECTIVITY_CHANGE
ADDED from src/main/AndroidManifest.xml:612:13-615:29
action#android.net.conn.CONNECTIVITY_CHANGE
ADDED from src/main/AndroidManifest.xml:613:17-78
	android:name
		ADDED from src/main/AndroidManifest.xml:613:25-76
receiver#com.xiaomi.push.service.receivers.PingReceiver
ADDED from src/main/AndroidManifest.xml:617:9-624:20
	android:process
		ADDED from src/main/AndroidManifest.xml:620:13-43
	android:exported
		ADDED from src/main/AndroidManifest.xml:619:13-37
	android:name
		ADDED from src/main/AndroidManifest.xml:618:13-74
intent-filter#com.xiaomi.push.PING_TIMER
ADDED from src/main/AndroidManifest.xml:621:13-623:29
action#com.xiaomi.push.PING_TIMER
ADDED from src/main/AndroidManifest.xml:622:17-68
	android:name
		ADDED from src/main/AndroidManifest.xml:622:25-66
receiver#io.dcloud.feature.apsXm.XMMessageReceiver
ADDED from src/main/AndroidManifest.xml:625:9-637:20
	android:exported
		ADDED from src/main/AndroidManifest.xml:627:13-36
	android:name
		ADDED from src/main/AndroidManifest.xml:626:13-69
intent-filter#com.xiaomi.mipush.RECEIVE_MESSAGE
ADDED from src/main/AndroidManifest.xml:628:13-630:29
action#com.xiaomi.mipush.RECEIVE_MESSAGE
ADDED from src/main/AndroidManifest.xml:629:17-75
	android:name
		ADDED from src/main/AndroidManifest.xml:629:25-73
intent-filter#com.xiaomi.mipush.MESSAGE_ARRIVED
ADDED from src/main/AndroidManifest.xml:631:13-633:29
action#com.xiaomi.mipush.MESSAGE_ARRIVED
ADDED from src/main/AndroidManifest.xml:632:17-75
	android:name
		ADDED from src/main/AndroidManifest.xml:632:25-73
intent-filter#com.xiaomi.mipush.ERROR
ADDED from src/main/AndroidManifest.xml:634:13-636:29
action#com.xiaomi.mipush.ERROR
ADDED from src/main/AndroidManifest.xml:635:17-65
	android:name
		ADDED from src/main/AndroidManifest.xml:635:25-63
receiver#io.dcloud.feature.apsXm.XMNotificationReceiver
ADDED from src/main/AndroidManifest.xml:638:9-648:20
	android:exported
		ADDED from src/main/AndroidManifest.xml:640:13-36
	android:name
		ADDED from src/main/AndroidManifest.xml:639:13-74
intent-filter#android.intent.action.BOOT_COMPLETED+com.HBuilder.integrate.__CLEAR_NOTIFICATION+com.HBuilder.integrate.__CLILK_NOTIFICATION+com.HBuilder.integrate.__CREATE_NOTIFICATION+com.HBuilder.integrate.__REMOVE_NOTIFICATION
ADDED from src/main/AndroidManifest.xml:641:13-647:29
action#android.intent.action.BOOT_COMPLETED
ADDED from src/main/AndroidManifest.xml:642:17-78
	android:name
		ADDED from src/main/AndroidManifest.xml:642:25-76
action#com.HBuilder.integrate.__CREATE_NOTIFICATION
ADDED from src/main/AndroidManifest.xml:643:17-86
	android:name
		ADDED from src/main/AndroidManifest.xml:643:25-84
action#com.HBuilder.integrate.__REMOVE_NOTIFICATION
ADDED from src/main/AndroidManifest.xml:644:17-86
	android:name
		ADDED from src/main/AndroidManifest.xml:644:25-84
action#com.HBuilder.integrate.__CLEAR_NOTIFICATION
ADDED from src/main/AndroidManifest.xml:645:17-85
	android:name
		ADDED from src/main/AndroidManifest.xml:645:25-83
action#com.HBuilder.integrate.__CLILK_NOTIFICATION
ADDED from src/main/AndroidManifest.xml:646:17-85
	android:name
		ADDED from src/main/AndroidManifest.xml:646:25-83